Determining if the pthread_create exist failed with the following output:
Change Dir: /workspace/muellot_jetbot/CMakeFiles/CMakeTmp

Run Build Command:"/usr/bin/make" "cmTC_4410f/fast"
/usr/bin/make -f CMakeFiles/cmTC_4410f.dir/build.make CMakeFiles/cmTC_4410f.dir/build
make[1]: Entering directory '/workspace/muellot_jetbot/CMakeFiles/CMakeTmp'
Building C object CMakeFiles/cmTC_4410f.dir/CheckSymbolExists.c.o
/usr/bin/cc   -fPIC    -o CMakeFiles/cmTC_4410f.dir/CheckSymbolExists.c.o   -c /workspace/muellot_jetbot/CMakeFiles/CMakeTmp/CheckSymbolExists.c
Linking C executable cmTC_4410f
/usr/bin/cmake -E cmake_link_script CMakeFiles/cmTC_4410f.dir/link.txt --verbose=1
/usr/bin/cc -fPIC     -rdynamic CMakeFiles/cmTC_4410f.dir/CheckSymbolExists.c.o  -o cmTC_4410f 
CMakeFiles/cmTC_4410f.dir/CheckSymbolExists.c.o: In function `main':
CheckSymbolExists.c:(.text+0x14): undefined reference to `pthread_create'
CheckSymbolExists.c:(.text+0x18): undefined reference to `pthread_create'
collect2: error: ld returned 1 exit status
CMakeFiles/cmTC_4410f.dir/build.make:97: recipe for target 'cmTC_4410f' failed
make[1]: *** [cmTC_4410f] Error 1
make[1]: Leaving directory '/workspace/muellot_jetbot/CMakeFiles/CMakeTmp'
Makefile:126: recipe for target 'cmTC_4410f/fast' failed
make: *** [cmTC_4410f/fast] Error 2

File /workspace/muellot_jetbot/CMakeFiles/CMakeTmp/CheckSymbolExists.c:
/* */
#include <pthread.h>

int main(int argc, char** argv)
{
  (void)argv;
#ifndef pthread_create
  return ((int*)(&pthread_create))[argc];
#else
  (void)argc;
  return 0;
#endif
}

Determining if the function pthread_create exists in the pthreads failed with the following output:
Change Dir: /workspace/muellot_jetbot/CMakeFiles/CMakeTmp

Run Build Command:"/usr/bin/make" "cmTC_d12a1/fast"
/usr/bin/make -f CMakeFiles/cmTC_d12a1.dir/build.make CMakeFiles/cmTC_d12a1.dir/build
make[1]: Entering directory '/workspace/muellot_jetbot/CMakeFiles/CMakeTmp'
Building C object CMakeFiles/cmTC_d12a1.dir/CheckFunctionExists.c.o
/usr/bin/cc   -fPIC -DCHECK_FUNCTION_EXISTS=pthread_create   -o CMakeFiles/cmTC_d12a1.dir/CheckFunctionExists.c.o   -c /usr/share/cmake-3.10/Modules/CheckFunctionExists.c
Linking C executable cmTC_d12a1
/usr/bin/cmake -E cmake_link_script CMakeFiles/cmTC_d12a1.dir/link.txt --verbose=1
/usr/bin/cc -fPIC -DCHECK_FUNCTION_EXISTS=pthread_create    -rdynamic CMakeFiles/cmTC_d12a1.dir/CheckFunctionExists.c.o  -o cmTC_d12a1 -lpthreads 
/usr/bin/ld: cannot find -lpthreads
collect2: error: ld returned 1 exit status
CMakeFiles/cmTC_d12a1.dir/build.make:97: recipe for target 'cmTC_d12a1' failed
make[1]: *** [cmTC_d12a1] Error 1
make[1]: Leaving directory '/workspace/muellot_jetbot/CMakeFiles/CMakeTmp'
Makefile:126: recipe for target 'cmTC_d12a1/fast' failed
make: *** [cmTC_d12a1/fast] Error 2


